[0.102s] DEBUG:colcon:Command line arguments: ['/usr/bin/colcon', 'build']
[0.102s] DEBUG:colcon:Parsed command line arguments: Namespace(log_base=None, log_level=None, verb_name='build', build_base='build', install_base='install', merge_install=False, symlink_install=False, test_result_base=None, continue_on_error=False, executor='parallel', parallel_workers=8, event_handlers=None, ignore_user_meta=False, metas=['./colcon.meta'], base_paths=['.'], packages_ignore=None, packages_ignore_regex=None, paths=None, packages_up_to=None, packages_up_to_regex=None, packages_above=None, packages_above_and_dependencies=None, packages_above_depth=None, packages_select_by_dep=None, packages_skip_by_dep=None, packages_skip_up_to=None, packages_select_build_failed=False, packages_skip_build_finished=False, packages_select_test_failures=False, packages_skip_test_passed=False, packages_select=None, packages_skip=None, packages_select_regex=None, packages_skip_regex=None, packages_start=None, packages_end=None, allow_overriding=[], cmake_args=None, cmake_target=None, cmake_target_skip_unavailable=False, cmake_clean_cache=False, cmake_clean_first=False, cmake_force_configure=False, ament_cmake_args=None, catkin_cmake_args=None, catkin_skip_building_tests=False, verb_parser=<colcon_defaults.argument_parser.defaults.DefaultArgumentsDecorator object at 0x7e77c2a28a90>, verb_extension=<colcon_core.verb.build.BuildVerb object at 0x7e77c2a28640>, main=<bound method BuildVerb.main of <colcon_core.verb.build.BuildVerb object at 0x7e77c2a28640>>)
[0.285s] Level 1:colcon.colcon_core.package_discovery:discover_packages(colcon_meta) check parameters
[0.285s] Level 1:colcon.colcon_core.package_discovery:discover_packages(recursive) check parameters
[0.285s] Level 1:colcon.colcon_core.package_discovery:discover_packages(ignore) check parameters
[0.285s] Level 1:colcon.colcon_core.package_discovery:discover_packages(path) check parameters
[0.285s] Level 1:colcon.colcon_core.package_discovery:discover_packages(colcon_meta) discover
[0.285s] Level 1:colcon.colcon_core.package_discovery:discover_packages(recursive) discover
[0.285s] INFO:colcon.colcon_core.package_discovery:Crawling recursively for packages in '/home/caccioro/Documents/prova/src'
[0.285s] Level 1:colcon.colcon_core.package_identification:_identify(.) by extensions ['ignore', 'ignore_ament_install']
[0.285s] Level 1:colcon.colcon_core.package_identification:_identify(.) by extension 'ignore'
[0.286s] Level 1:colcon.colcon_core.package_identification:_identify(.) by extension 'ignore_ament_install'
[0.286s] Level 1:colcon.colcon_core.package_identification:_identify(.) by extensions ['colcon_pkg']
[0.286s] Level 1:colcon.colcon_core.package_identification:_identify(.) by extension 'colcon_pkg'
[0.286s] Level 1:colcon.colcon_core.package_identification:_identify(.) by extensions ['colcon_meta']
[0.286s] Level 1:colcon.colcon_core.package_identification:_identify(.) by extension 'colcon_meta'
[0.286s] Level 1:colcon.colcon_core.package_identification:_identify(.) by extensions ['ros']
[0.286s] Level 1:colcon.colcon_core.package_identification:_identify(.) by extension 'ros'
[0.296s] Level 1:colcon.colcon_core.package_identification:_identify(.) by extensions ['cmake', 'python']
[0.296s] Level 1:colcon.colcon_core.package_identification:_identify(.) by extension 'cmake'
[0.296s] Level 1:colcon.colcon_core.package_identification:_identify(.) by extension 'python'
[0.296s] Level 1:colcon.colcon_core.package_identification:_identify(.) by extensions ['python_setup_py']
[0.296s] Level 1:colcon.colcon_core.package_identification:_identify(.) by extension 'python_setup_py'
[0.296s] Level 1:colcon.colcon_core.package_identification:_identify(build) by extensions ['ignore', 'ignore_ament_install']
[0.296s] Level 1:colcon.colcon_core.package_identification:_identify(build) by extension 'ignore'
[0.296s] Level 1:colcon.colcon_core.package_identification:_identify(build) ignored
[0.297s] Level 1:colcon.colcon_core.package_identification:_identify(cli) by extensions ['ignore', 'ignore_ament_install']
[0.297s] Level 1:colcon.colcon_core.package_identification:_identify(cli) by extension 'ignore'
[0.297s] Level 1:colcon.colcon_core.package_identification:_identify(cli) by extension 'ignore_ament_install'
[0.297s] Level 1:colcon.colcon_core.package_identification:_identify(cli) by extensions ['colcon_pkg']
[0.297s] Level 1:colcon.colcon_core.package_identification:_identify(cli) by extension 'colcon_pkg'
[0.297s] Level 1:colcon.colcon_core.package_identification:_identify(cli) by extensions ['colcon_meta']
[0.297s] Level 1:colcon.colcon_core.package_identification:_identify(cli) by extension 'colcon_meta'
[0.297s] Level 1:colcon.colcon_core.package_identification:_identify(cli) by extensions ['ros']
[0.297s] Level 1:colcon.colcon_core.package_identification:_identify(cli) by extension 'ros'
[0.299s] DEBUG:colcon.colcon_core.package_identification:Package 'cli' with type 'ros.ament_python' and name 'cli'
[0.299s] Level 1:colcon.colcon_core.package_identification:_identify(install) by extensions ['ignore', 'ignore_ament_install']
[0.299s] Level 1:colcon.colcon_core.package_identification:_identify(install) by extension 'ignore'
[0.299s] Level 1:colcon.colcon_core.package_identification:_identify(install) ignored
[0.300s] Level 1:colcon.colcon_core.package_identification:_identify(log) by extensions ['ignore', 'ignore_ament_install']
[0.300s] Level 1:colcon.colcon_core.package_identification:_identify(log) by extension 'ignore'
[0.300s] Level 1:colcon.colcon_core.package_identification:_identify(log) ignored
[0.300s] Level 1:colcon.colcon_core.package_identification:_identify(prova) by extensions ['ignore', 'ignore_ament_install']
[0.300s] Level 1:colcon.colcon_core.package_identification:_identify(prova) by extension 'ignore'
[0.300s] Level 1:colcon.colcon_core.package_identification:_identify(prova) by extension 'ignore_ament_install'
[0.300s] Level 1:colcon.colcon_core.package_identification:_identify(prova) by extensions ['colcon_pkg']
[0.300s] Level 1:colcon.colcon_core.package_identification:_identify(prova) by extension 'colcon_pkg'
[0.300s] Level 1:colcon.colcon_core.package_identification:_identify(prova) by extensions ['colcon_meta']
[0.300s] Level 1:colcon.colcon_core.package_identification:_identify(prova) by extension 'colcon_meta'
[0.300s] Level 1:colcon.colcon_core.package_identification:_identify(prova) by extensions ['ros']
[0.300s] Level 1:colcon.colcon_core.package_identification:_identify(prova) by extension 'ros'
[0.301s] DEBUG:colcon.colcon_core.package_identification:Package 'prova' with type 'ros.ament_python' and name 'prova'
[0.301s] Level 1:colcon.colcon_core.package_discovery:discover_packages(recursive) using defaults
[0.301s] Level 1:colcon.colcon_core.package_discovery:discover_packages(ignore) discover
[0.301s] Level 1:colcon.colcon_core.package_discovery:discover_packages(ignore) using defaults
[0.301s] Level 1:colcon.colcon_core.package_discovery:discover_packages(path) discover
[0.301s] Level 1:colcon.colcon_core.package_discovery:discover_packages(path) using defaults
[0.327s] Level 1:colcon.colcon_core.package_discovery:discover_packages(prefix_path) check parameters
[0.327s] Level 1:colcon.colcon_core.package_discovery:discover_packages(prefix_path) discover
[0.330s] DEBUG:colcon.colcon_installed_package_information.package_discovery:Found 384 installed packages in /opt/ros/humble
[0.332s] Level 1:colcon.colcon_core.package_discovery:discover_packages(prefix_path) using defaults
[0.378s] Level 5:colcon.colcon_core.verb:set package 'cli' build argument 'cmake_args' from command line to 'None'
[0.378s] Level 5:colcon.colcon_core.verb:set package 'cli' build argument 'cmake_target' from command line to 'None'
[0.378s] Level 5:colcon.colcon_core.verb:set package 'cli' build argument 'cmake_target_skip_unavailable' from command line to 'False'
[0.378s] Level 5:colcon.colcon_core.verb:set package 'cli' build argument 'cmake_clean_cache' from command line to 'False'
[0.378s] Level 5:colcon.colcon_core.verb:set package 'cli' build argument 'cmake_clean_first' from command line to 'False'
[0.378s] Level 5:colcon.colcon_core.verb:set package 'cli' build argument 'cmake_force_configure' from command line to 'False'
[0.378s] Level 5:colcon.colcon_core.verb:set package 'cli' build argument 'ament_cmake_args' from command line to 'None'
[0.378s] Level 5:colcon.colcon_core.verb:set package 'cli' build argument 'catkin_cmake_args' from command line to 'None'
[0.378s] Level 5:colcon.colcon_core.verb:set package 'cli' build argument 'catkin_skip_building_tests' from command line to 'False'
[0.378s] DEBUG:colcon.colcon_core.verb:Building package 'cli' with the following arguments: {'ament_cmake_args': None, 'build_base': '/home/caccioro/Documents/prova/src/build/cli', 'catkin_cmake_args': None, 'catkin_skip_building_tests': False, 'cmake_args': None, 'cmake_clean_cache': False, 'cmake_clean_first': False, 'cmake_force_configure': False, 'cmake_target': None, 'cmake_target_skip_unavailable': False, 'install_base': '/home/caccioro/Documents/prova/src/install/cli', 'merge_install': False, 'path': '/home/caccioro/Documents/prova/src/cli', 'symlink_install': False, 'test_result_base': None}
[0.379s] Level 5:colcon.colcon_core.verb:set package 'prova' build argument 'cmake_args' from command line to 'None'
[0.379s] Level 5:colcon.colcon_core.verb:set package 'prova' build argument 'cmake_target' from command line to 'None'
[0.379s] Level 5:colcon.colcon_core.verb:set package 'prova' build argument 'cmake_target_skip_unavailable' from command line to 'False'
[0.379s] Level 5:colcon.colcon_core.verb:set package 'prova' build argument 'cmake_clean_cache' from command line to 'False'
[0.379s] Level 5:colcon.colcon_core.verb:set package 'prova' build argument 'cmake_clean_first' from command line to 'False'
[0.379s] Level 5:colcon.colcon_core.verb:set package 'prova' build argument 'cmake_force_configure' from command line to 'False'
[0.379s] Level 5:colcon.colcon_core.verb:set package 'prova' build argument 'ament_cmake_args' from command line to 'None'
[0.379s] Level 5:colcon.colcon_core.verb:set package 'prova' build argument 'catkin_cmake_args' from command line to 'None'
[0.379s] Level 5:colcon.colcon_core.verb:set package 'prova' build argument 'catkin_skip_building_tests' from command line to 'False'
[0.379s] DEBUG:colcon.colcon_core.verb:Building package 'prova' with the following arguments: {'ament_cmake_args': None, 'build_base': '/home/caccioro/Documents/prova/src/build/prova', 'catkin_cmake_args': None, 'catkin_skip_building_tests': False, 'cmake_args': None, 'cmake_clean_cache': False, 'cmake_clean_first': False, 'cmake_force_configure': False, 'cmake_target': None, 'cmake_target_skip_unavailable': False, 'install_base': '/home/caccioro/Documents/prova/src/install/prova', 'merge_install': False, 'path': '/home/caccioro/Documents/prova/src/prova', 'symlink_install': False, 'test_result_base': None}
[0.379s] INFO:colcon.colcon_core.executor:Executing jobs using 'parallel' executor
[0.380s] DEBUG:colcon.colcon_parallel_executor.executor.parallel:run_until_complete
[0.381s] INFO:colcon.colcon_ros.task.ament_python.build:Building ROS package in '/home/caccioro/Documents/prova/src/cli' with build type 'ament_python'
[0.381s] Level 1:colcon.colcon_core.shell:create_environment_hook('cli', 'ament_prefix_path')
[0.383s] INFO:colcon.colcon_core.plugin_system:Skipping extension 'colcon_core.shell.bat': Not used on non-Windows systems
[0.383s] INFO:colcon.colcon_core.shell:Creating environment hook '/home/caccioro/Documents/prova/src/install/cli/share/cli/hook/ament_prefix_path.ps1'
[0.384s] INFO:colcon.colcon_core.shell:Creating environment descriptor '/home/caccioro/Documents/prova/src/install/cli/share/cli/hook/ament_prefix_path.dsv'
[0.384s] INFO:colcon.colcon_core.shell:Creating environment hook '/home/caccioro/Documents/prova/src/install/cli/share/cli/hook/ament_prefix_path.sh'
[0.385s] INFO:colcon.colcon_core.shell:Skip shell extension 'powershell' for command environment: Not usable outside of PowerShell
[0.385s] DEBUG:colcon.colcon_core.shell:Skip shell extension 'dsv' for command environment
[0.389s] INFO:colcon.colcon_ros.task.ament_python.build:Building ROS package in '/home/caccioro/Documents/prova/src/prova' with build type 'ament_python'
[0.389s] Level 1:colcon.colcon_core.shell:create_environment_hook('prova', 'ament_prefix_path')
[0.389s] INFO:colcon.colcon_core.shell:Creating environment hook '/home/caccioro/Documents/prova/src/install/prova/share/prova/hook/ament_prefix_path.ps1'
[0.390s] INFO:colcon.colcon_core.shell:Creating environment descriptor '/home/caccioro/Documents/prova/src/install/prova/share/prova/hook/ament_prefix_path.dsv'
[0.390s] INFO:colcon.colcon_core.shell:Creating environment hook '/home/caccioro/Documents/prova/src/install/prova/share/prova/hook/ament_prefix_path.sh'
[0.391s] INFO:colcon.colcon_core.shell:Skip shell extension 'powershell' for command environment: Not usable outside of PowerShell
[0.391s] DEBUG:colcon.colcon_core.shell:Skip shell extension 'dsv' for command environment
[0.675s] INFO:colcon.colcon_core.task.python.build:Building Python package in '/home/caccioro/Documents/prova/src/cli'
[0.676s] INFO:colcon.colcon_core.shell:Skip shell extension 'powershell' for command environment: Not usable outside of PowerShell
[0.676s] DEBUG:colcon.colcon_core.shell:Skip shell extension 'dsv' for command environment
[1.004s] INFO:colcon.colcon_core.task.python.build:Building Python package in '/home/caccioro/Documents/prova/src/prova'
[1.005s] INFO:colcon.colcon_core.shell:Skip shell extension 'powershell' for command environment: Not usable outside of PowerShell
[1.005s] DEBUG:colcon.colcon_core.shell:Skip shell extension 'dsv' for command environment
[1.418s] DEBUG:colcon.colcon_core.event_handler.log_command:Invoking command in '/home/caccioro/Documents/prova/src/cli': PYTHONPATH=/home/caccioro/Documents/prova/src/build/cli/prefix_override:/home/caccioro/Documents/prova/src/install/cli/lib/python3.10/site-packages:${PYTHONPATH} /usr/bin/python3 -W ignore:setup.py install is deprecated setup.py egg_info --egg-base ../build/cli build --build-base /home/caccioro/Documents/prova/src/build/cli/build install --record /home/caccioro/Documents/prova/src/build/cli/install.log --single-version-externally-managed install_data
[1.438s] DEBUG:colcon.colcon_core.event_handler.log_command:Invoking command in '/home/caccioro/Documents/prova/src/prova': PYTHONPATH=/home/caccioro/Documents/prova/src/build/prova/prefix_override:/home/caccioro/Documents/prova/src/install/prova/lib/python3.10/site-packages:${PYTHONPATH} /usr/bin/python3 -W ignore:setup.py install is deprecated setup.py egg_info --egg-base ../build/prova build --build-base /home/caccioro/Documents/prova/src/build/prova/build install --record /home/caccioro/Documents/prova/src/build/prova/install.log --single-version-externally-managed install_data
[1.766s] DEBUG:colcon.colcon_core.event_handler.log_command:Invoked command in '/home/caccioro/Documents/prova/src/cli' returned '0': PYTHONPATH=/home/caccioro/Documents/prova/src/build/cli/prefix_override:/home/caccioro/Documents/prova/src/install/cli/lib/python3.10/site-packages:${PYTHONPATH} /usr/bin/python3 -W ignore:setup.py install is deprecated setup.py egg_info --egg-base ../build/cli build --build-base /home/caccioro/Documents/prova/src/build/cli/build install --record /home/caccioro/Documents/prova/src/build/cli/install.log --single-version-externally-managed install_data
[1.769s] Level 1:colcon.colcon_core.environment:checking '/home/caccioro/Documents/prova/src/install/cli' for CMake module files
[1.769s] Level 1:colcon.colcon_core.environment:checking '/home/caccioro/Documents/prova/src/install/cli' for CMake config files
[1.770s] Level 1:colcon.colcon_core.environment:checking '/home/caccioro/Documents/prova/src/install/cli/lib'
[1.771s] Level 1:colcon.colcon_core.environment:checking '/home/caccioro/Documents/prova/src/install/cli/bin'
[1.771s] Level 1:colcon.colcon_core.environment:checking '/home/caccioro/Documents/prova/src/install/cli/lib/pkgconfig/cli.pc'
[1.771s] Level 1:colcon.colcon_core.environment:checking '/home/caccioro/Documents/prova/src/install/cli/lib/python3.10/site-packages'
[1.771s] Level 1:colcon.colcon_core.shell:create_environment_hook('cli', 'pythonpath')
[1.771s] INFO:colcon.colcon_core.shell:Creating environment hook '/home/caccioro/Documents/prova/src/install/cli/share/cli/hook/pythonpath.ps1'
[1.772s] INFO:colcon.colcon_core.shell:Creating environment descriptor '/home/caccioro/Documents/prova/src/install/cli/share/cli/hook/pythonpath.dsv'
[1.772s] INFO:colcon.colcon_core.shell:Creating environment hook '/home/caccioro/Documents/prova/src/install/cli/share/cli/hook/pythonpath.sh'
[1.772s] Level 1:colcon.colcon_core.environment:checking '/home/caccioro/Documents/prova/src/install/cli/bin'
[1.773s] Level 1:colcon.colcon_core.environment:create_environment_scripts_only(cli)
[1.773s] INFO:colcon.colcon_core.shell:Creating package script '/home/caccioro/Documents/prova/src/install/cli/share/cli/package.ps1'
[1.774s] INFO:colcon.colcon_core.shell:Creating package descriptor '/home/caccioro/Documents/prova/src/install/cli/share/cli/package.dsv'
[1.774s] INFO:colcon.colcon_core.shell:Creating package script '/home/caccioro/Documents/prova/src/install/cli/share/cli/package.sh'
[1.775s] INFO:colcon.colcon_core.shell:Creating package script '/home/caccioro/Documents/prova/src/install/cli/share/cli/package.bash'
[1.776s] INFO:colcon.colcon_core.shell:Creating package script '/home/caccioro/Documents/prova/src/install/cli/share/cli/package.zsh'
[1.776s] Level 1:colcon.colcon_core.environment:create_file_with_runtime_dependencies(/home/caccioro/Documents/prova/src/install/cli/share/colcon-core/packages/cli)
[1.801s] Level 1:colcon.colcon_core.environment:checking '/home/caccioro/Documents/prova/src/install/prova' for CMake module files
[1.802s] DEBUG:colcon.colcon_core.event_handler.log_command:Invoked command in '/home/caccioro/Documents/prova/src/prova' returned '0': PYTHONPATH=/home/caccioro/Documents/prova/src/build/prova/prefix_override:/home/caccioro/Documents/prova/src/install/prova/lib/python3.10/site-packages:${PYTHONPATH} /usr/bin/python3 -W ignore:setup.py install is deprecated setup.py egg_info --egg-base ../build/prova build --build-base /home/caccioro/Documents/prova/src/build/prova/build install --record /home/caccioro/Documents/prova/src/build/prova/install.log --single-version-externally-managed install_data
[1.803s] Level 1:colcon.colcon_core.environment:checking '/home/caccioro/Documents/prova/src/install/prova' for CMake config files
[1.803s] Level 1:colcon.colcon_core.environment:checking '/home/caccioro/Documents/prova/src/install/prova/lib'
[1.803s] Level 1:colcon.colcon_core.environment:checking '/home/caccioro/Documents/prova/src/install/prova/bin'
[1.804s] Level 1:colcon.colcon_core.environment:checking '/home/caccioro/Documents/prova/src/install/prova/lib/pkgconfig/prova.pc'
[1.804s] Level 1:colcon.colcon_core.environment:checking '/home/caccioro/Documents/prova/src/install/prova/lib/python3.10/site-packages'
[1.804s] Level 1:colcon.colcon_core.shell:create_environment_hook('prova', 'pythonpath')
[1.804s] INFO:colcon.colcon_core.shell:Creating environment hook '/home/caccioro/Documents/prova/src/install/prova/share/prova/hook/pythonpath.ps1'
[1.805s] INFO:colcon.colcon_core.shell:Creating environment descriptor '/home/caccioro/Documents/prova/src/install/prova/share/prova/hook/pythonpath.dsv'
[1.806s] INFO:colcon.colcon_core.shell:Creating environment hook '/home/caccioro/Documents/prova/src/install/prova/share/prova/hook/pythonpath.sh'
[1.808s] Level 1:colcon.colcon_core.environment:checking '/home/caccioro/Documents/prova/src/install/prova/bin'
[1.808s] Level 1:colcon.colcon_core.environment:create_environment_scripts_only(prova)
[1.809s] INFO:colcon.colcon_core.shell:Creating package script '/home/caccioro/Documents/prova/src/install/prova/share/prova/package.ps1'
[1.810s] INFO:colcon.colcon_core.shell:Creating package descriptor '/home/caccioro/Documents/prova/src/install/prova/share/prova/package.dsv'
[1.811s] INFO:colcon.colcon_core.shell:Creating package script '/home/caccioro/Documents/prova/src/install/prova/share/prova/package.sh'
[1.812s] INFO:colcon.colcon_core.shell:Creating package script '/home/caccioro/Documents/prova/src/install/prova/share/prova/package.bash'
[1.813s] INFO:colcon.colcon_core.shell:Creating package script '/home/caccioro/Documents/prova/src/install/prova/share/prova/package.zsh'
[1.814s] Level 1:colcon.colcon_core.environment:create_file_with_runtime_dependencies(/home/caccioro/Documents/prova/src/install/prova/share/colcon-core/packages/prova)
[1.815s] DEBUG:colcon.colcon_parallel_executor.executor.parallel:closing loop
[1.815s] DEBUG:colcon.colcon_parallel_executor.executor.parallel:loop closed
[1.815s] DEBUG:colcon.colcon_parallel_executor.executor.parallel:run_until_complete finished with '0'
[1.815s] DEBUG:colcon.colcon_core.event_reactor:joining thread
[1.821s] INFO:colcon.colcon_core.plugin_system:Skipping extension 'colcon_notification.desktop_notification.terminal_notifier': Not used on non-Darwin systems
[1.821s] INFO:colcon.colcon_core.plugin_system:Skipping extension 'colcon_notification.desktop_notification.win32': Not used on non-Windows systems
[1.822s] INFO:colcon.colcon_notification.desktop_notification:Sending desktop notification using 'notify2'
[1.833s] DEBUG:colcon.colcon_core.event_reactor:joined thread
[1.834s] INFO:colcon.colcon_core.shell:Creating prefix script '/home/caccioro/Documents/prova/src/install/local_setup.ps1'
[1.836s] INFO:colcon.colcon_core.shell:Creating prefix util module '/home/caccioro/Documents/prova/src/install/_local_setup_util_ps1.py'
[1.838s] INFO:colcon.colcon_core.shell:Creating prefix chain script '/home/caccioro/Documents/prova/src/install/setup.ps1'
[1.839s] INFO:colcon.colcon_core.shell:Creating prefix script '/home/caccioro/Documents/prova/src/install/local_setup.sh'
[1.840s] INFO:colcon.colcon_core.shell:Creating prefix util module '/home/caccioro/Documents/prova/src/install/_local_setup_util_sh.py'
[1.840s] INFO:colcon.colcon_core.shell:Creating prefix chain script '/home/caccioro/Documents/prova/src/install/setup.sh'
[1.841s] INFO:colcon.colcon_core.shell:Creating prefix script '/home/caccioro/Documents/prova/src/install/local_setup.bash'
[1.842s] INFO:colcon.colcon_core.shell:Creating prefix chain script '/home/caccioro/Documents/prova/src/install/setup.bash'
[1.843s] INFO:colcon.colcon_core.shell:Creating prefix script '/home/caccioro/Documents/prova/src/install/local_setup.zsh'
[1.843s] INFO:colcon.colcon_core.shell:Creating prefix chain script '/home/caccioro/Documents/prova/src/install/setup.zsh'
