running egg_info
writing ../../build/prova/prova.egg-info/PKG-INFO
writing dependency_links to ../../build/prova/prova.egg-info/dependency_links.txt
writing entry points to ../../build/prova/prova.egg-info/entry_points.txt
writing requirements to ../../build/prova/prova.egg-info/requires.txt
writing top-level names to ../../build/prova/prova.egg-info/top_level.txt
reading manifest file '../../build/prova/prova.egg-info/SOURCES.txt'
writing manifest file '../../build/prova/prova.egg-info/SOURCES.txt'
running build
running build_py
copying prova/draw.py -> /home/caccioro/Documents/prova/build/prova/build/lib/prova
running install
running install_lib
copying /home/caccioro/Documents/prova/build/prova/build/lib/prova/draw.py -> /home/caccioro/Documents/prova/install/prova/lib/python3.10/site-packages/prova
byte-compiling /home/caccioro/Documents/prova/install/prova/lib/python3.10/site-packages/prova/draw.py to draw.cpython-310.pyc
running install_data
running install_egg_info
removing '/home/caccioro/Documents/prova/install/prova/lib/python3.10/site-packages/prova-0.0.0-py3.10.egg-info' (and everything under it)
Copying ../../build/prova/prova.egg-info to /home/caccioro/Documents/prova/install/prova/lib/python3.10/site-packages/prova-0.0.0-py3.10.egg-info
running install_scripts
Installing prova script to /home/caccioro/Documents/prova/install/prova/lib/prova
writing list of installed files to '/home/caccioro/Documents/prova/build/prova/install.log'
