[0.661s] Invoking command in '/home/caccioro/Documents/prova/src/prova': PYTHONPATH=/home/caccioro/Documents/prova/build/prova/prefix_override:/home/caccioro/Documents/prova/install/prova/lib/python3.10/site-packages:${PYTHONPATH} /usr/bin/python3 -W ignore:setup.py install is deprecated setup.py egg_info --egg-base ../../build/prova build --build-base /home/caccioro/Documents/prova/build/prova/build install --record /home/caccioro/Documents/prova/build/prova/install.log --single-version-externally-managed install_data
[0.910s] running egg_info
[0.911s] writing ../../build/prova/prova.egg-info/PKG-INFO
[0.911s] writing dependency_links to ../../build/prova/prova.egg-info/dependency_links.txt
[0.912s] writing entry points to ../../build/prova/prova.egg-info/entry_points.txt
[0.912s] writing requirements to ../../build/prova/prova.egg-info/requires.txt
[0.912s] writing top-level names to ../../build/prova/prova.egg-info/top_level.txt
[0.915s] reading manifest file '../../build/prova/prova.egg-info/SOURCES.txt'
[0.917s] writing manifest file '../../build/prova/prova.egg-info/SOURCES.txt'
[0.917s] running build
[0.918s] running build_py
[0.918s] copying prova/draw.py -> /home/caccioro/Documents/prova/build/prova/build/lib/prova
[0.918s] running install
[0.919s] running install_lib
[0.920s] copying /home/caccioro/Documents/prova/build/prova/build/lib/prova/draw.py -> /home/caccioro/Documents/prova/install/prova/lib/python3.10/site-packages/prova
[0.920s] byte-compiling /home/caccioro/Documents/prova/install/prova/lib/python3.10/site-packages/prova/draw.py to draw.cpython-310.pyc
[0.922s] running install_data
[0.922s] running install_egg_info
[0.925s] removing '/home/caccioro/Documents/prova/install/prova/lib/python3.10/site-packages/prova-0.0.0-py3.10.egg-info' (and everything under it)
[0.925s] Copying ../../build/prova/prova.egg-info to /home/caccioro/Documents/prova/install/prova/lib/python3.10/site-packages/prova-0.0.0-py3.10.egg-info
[0.926s] running install_scripts
[0.945s] Installing prova script to /home/caccioro/Documents/prova/install/prova/lib/prova
[0.946s] writing list of installed files to '/home/caccioro/Documents/prova/build/prova/install.log'
[0.972s] Invoked command in '/home/caccioro/Documents/prova/src/prova' returned '0': PYTHONPATH=/home/caccioro/Documents/prova/build/prova/prefix_override:/home/caccioro/Documents/prova/install/prova/lib/python3.10/site-packages:${PYTHONPATH} /usr/bin/python3 -W ignore:setup.py install is deprecated setup.py egg_info --egg-base ../../build/prova build --build-base /home/caccioro/Documents/prova/build/prova/build install --record /home/caccioro/Documents/prova/build/prova/install.log --single-version-externally-managed install_data
