[0.961s] Invoking command in '/home/caccioro/Documents/prova/src/cli': PYTHONPATH=/home/caccioro/Documents/prova/build/cli/prefix_override:/home/caccioro/Documents/prova/install/cli/lib/python3.10/site-packages:${PYTHONPATH} /usr/bin/python3 -W ignore:setup.py install is deprecated setup.py egg_info --egg-base ../../build/cli build --build-base /home/caccioro/Documents/prova/build/cli/build install --record /home/caccioro/Documents/prova/build/cli/install.log --single-version-externally-managed install_data
[1.233s] running egg_info
[1.234s] writing ../../build/cli/cli.egg-info/PKG-INFO
[1.234s] writing dependency_links to ../../build/cli/cli.egg-info/dependency_links.txt
[1.238s] writing entry points to ../../build/cli/cli.egg-info/entry_points.txt
[1.258s] writing requirements to ../../build/cli/cli.egg-info/requires.txt
[1.260s] writing top-level names to ../../build/cli/cli.egg-info/top_level.txt
[1.265s] reading manifest file '../../build/cli/cli.egg-info/SOURCES.txt'
[1.267s] writing manifest file '../../build/cli/cli.egg-info/SOURCES.txt'
[1.267s] running build
[1.267s] running build_py
[1.267s] copying cli/cli.py -> /home/caccioro/Documents/prova/build/cli/build/lib/cli
[1.267s] running install
[1.268s] running install_lib
[1.269s] copying /home/caccioro/Documents/prova/build/cli/build/lib/cli/cli.py -> /home/caccioro/Documents/prova/install/cli/lib/python3.10/site-packages/cli
[1.270s] byte-compiling /home/caccioro/Documents/prova/install/cli/lib/python3.10/site-packages/cli/cli.py to cli.cpython-310.pyc
[1.271s] running install_data
[1.271s] running install_egg_info
[1.273s] removing '/home/caccioro/Documents/prova/install/cli/lib/python3.10/site-packages/cli-0.0.0-py3.10.egg-info' (and everything under it)
[1.274s] Copying ../../build/cli/cli.egg-info to /home/caccioro/Documents/prova/install/cli/lib/python3.10/site-packages/cli-0.0.0-py3.10.egg-info
[1.275s] running install_scripts
[1.298s] Installing cli script to /home/caccioro/Documents/prova/install/cli/lib/cli
[1.299s] writing list of installed files to '/home/caccioro/Documents/prova/build/cli/install.log'
[1.335s] Invoked command in '/home/caccioro/Documents/prova/src/cli' returned '0': PYTHONPATH=/home/caccioro/Documents/prova/build/cli/prefix_override:/home/caccioro/Documents/prova/install/cli/lib/python3.10/site-packages:${PYTHONPATH} /usr/bin/python3 -W ignore:setup.py install is deprecated setup.py egg_info --egg-base ../../build/cli build --build-base /home/caccioro/Documents/prova/build/cli/build install --record /home/caccioro/Documents/prova/build/cli/install.log --single-version-externally-managed install_data
