[0.656s] Invoking command in '/home/caccioro/Documents/prova/src/prova': PYTHONPATH=/home/caccioro/Documents/prova/src/build/prova/prefix_override:/home/caccioro/Documents/prova/src/install/prova/lib/python3.10/site-packages:${PYTHONPATH} /usr/bin/python3 -W ignore:setup.py install is deprecated setup.py egg_info --egg-base ../build/prova build --build-base /home/caccioro/Documents/prova/src/build/prova/build install --record /home/caccioro/Documents/prova/src/build/prova/install.log --single-version-externally-managed install_data
[0.902s] running egg_info
[0.903s] creating ../build/prova/prova.egg-info
[0.903s] writing ../build/prova/prova.egg-info/PKG-INFO
[0.903s] writing dependency_links to ../build/prova/prova.egg-info/dependency_links.txt
[0.904s] writing entry points to ../build/prova/prova.egg-info/entry_points.txt
[0.904s] writing requirements to ../build/prova/prova.egg-info/requires.txt
[0.904s] writing top-level names to ../build/prova/prova.egg-info/top_level.txt
[0.904s] writing manifest file '../build/prova/prova.egg-info/SOURCES.txt'
[0.905s] reading manifest file '../build/prova/prova.egg-info/SOURCES.txt'
[0.906s] writing manifest file '../build/prova/prova.egg-info/SOURCES.txt'
[0.919s] running build
[0.919s] running build_py
[0.920s] creating /home/caccioro/Documents/prova/src/build/prova/build
[0.920s] creating /home/caccioro/Documents/prova/src/build/prova/build/lib
[0.920s] creating /home/caccioro/Documents/prova/src/build/prova/build/lib/prova
[0.920s] copying prova/__init__.py -> /home/caccioro/Documents/prova/src/build/prova/build/lib/prova
[0.920s] running install
[0.921s] running install_lib
[0.921s] creating /home/caccioro/Documents/prova/src/install/prova/lib/python3.10/site-packages/prova
[0.921s] copying /home/caccioro/Documents/prova/src/build/prova/build/lib/prova/__init__.py -> /home/caccioro/Documents/prova/src/install/prova/lib/python3.10/site-packages/prova
[0.922s] byte-compiling /home/caccioro/Documents/prova/src/install/prova/lib/python3.10/site-packages/prova/__init__.py to __init__.cpython-310.pyc
[0.922s] running install_data
[0.922s] creating /home/caccioro/Documents/prova/src/install/prova/share/ament_index
[0.922s] creating /home/caccioro/Documents/prova/src/install/prova/share/ament_index/resource_index
[0.923s] creating /home/caccioro/Documents/prova/src/install/prova/share/ament_index/resource_index/packages
[0.923s] copying resource/prova -> /home/caccioro/Documents/prova/src/install/prova/share/ament_index/resource_index/packages
[0.923s] copying package.xml -> /home/caccioro/Documents/prova/src/install/prova/share/prova
[0.923s] running install_egg_info
[0.924s] Copying ../build/prova/prova.egg-info to /home/caccioro/Documents/prova/src/install/prova/lib/python3.10/site-packages/prova-0.0.0-py3.10.egg-info
[0.925s] running install_scripts
[0.945s] writing list of installed files to '/home/caccioro/Documents/prova/src/build/prova/install.log'
[0.968s] Invoked command in '/home/caccioro/Documents/prova/src/prova' returned '0': PYTHONPATH=/home/caccioro/Documents/prova/src/build/prova/prefix_override:/home/caccioro/Documents/prova/src/install/prova/lib/python3.10/site-packages:${PYTHONPATH} /usr/bin/python3 -W ignore:setup.py install is deprecated setup.py egg_info --egg-base ../build/prova build --build-base /home/caccioro/Documents/prova/src/build/prova/build install --record /home/caccioro/Documents/prova/src/build/prova/install.log --single-version-externally-managed install_data
