[0.958s] Invoking command in '/home/caccioro/Documents/prova/src/prova': PYTHONPATH=/home/caccioro/Documents/prova/build/prova/prefix_override:/home/caccioro/Documents/prova/install/prova/lib/python3.10/site-packages:${PYTHONPATH} /usr/bin/python3 -W ignore:setup.py install is deprecated setup.py egg_info --egg-base ../../build/prova build --build-base /home/caccioro/Documents/prova/build/prova/build install --record /home/caccioro/Documents/prova/build/prova/install.log --single-version-externally-managed install_data
[1.221s] running egg_info
[1.222s] writing ../../build/prova/prova.egg-info/PKG-INFO
[1.222s] writing dependency_links to ../../build/prova/prova.egg-info/dependency_links.txt
[1.223s] writing entry points to ../../build/prova/prova.egg-info/entry_points.txt
[1.223s] writing requirements to ../../build/prova/prova.egg-info/requires.txt
[1.223s] writing top-level names to ../../build/prova/prova.egg-info/top_level.txt
[1.225s] reading manifest file '../../build/prova/prova.egg-info/SOURCES.txt'
[1.228s] writing manifest file '../../build/prova/prova.egg-info/SOURCES.txt'
[1.229s] running build
[1.229s] running build_py
[1.229s] copying prova/draw.py -> /home/caccioro/Documents/prova/build/prova/build/lib/prova
[1.229s] running install
[1.229s] running install_lib
[1.230s] copying /home/caccioro/Documents/prova/build/prova/build/lib/prova/draw.py -> /home/caccioro/Documents/prova/install/prova/lib/python3.10/site-packages/prova
[1.231s] byte-compiling /home/caccioro/Documents/prova/install/prova/lib/python3.10/site-packages/prova/draw.py to draw.cpython-310.pyc
[1.233s] running install_data
[1.233s] running install_egg_info
[1.235s] removing '/home/caccioro/Documents/prova/install/prova/lib/python3.10/site-packages/prova-0.0.0-py3.10.egg-info' (and everything under it)
[1.235s] Copying ../../build/prova/prova.egg-info to /home/caccioro/Documents/prova/install/prova/lib/python3.10/site-packages/prova-0.0.0-py3.10.egg-info
[1.236s] running install_scripts
[1.256s] Installing prova script to /home/caccioro/Documents/prova/install/prova/lib/prova
[1.256s] writing list of installed files to '/home/caccioro/Documents/prova/build/prova/install.log'
[1.286s] Invoked command in '/home/caccioro/Documents/prova/src/prova' returned '0': PYTHONPATH=/home/caccioro/Documents/prova/build/prova/prefix_override:/home/caccioro/Documents/prova/install/prova/lib/python3.10/site-packages:${PYTHONPATH} /usr/bin/python3 -W ignore:setup.py install is deprecated setup.py egg_info --egg-base ../../build/prova build --build-base /home/caccioro/Documents/prova/build/prova/build install --record /home/caccioro/Documents/prova/build/prova/install.log --single-version-externally-managed install_data
