running egg_info
writing ../../build/cli/cli.egg-info/PKG-INFO
writing dependency_links to ../../build/cli/cli.egg-info/dependency_links.txt
writing entry points to ../../build/cli/cli.egg-info/entry_points.txt
writing requirements to ../../build/cli/cli.egg-info/requires.txt
writing top-level names to ../../build/cli/cli.egg-info/top_level.txt
reading manifest file '../../build/cli/cli.egg-info/SOURCES.txt'
writing manifest file '../../build/cli/cli.egg-info/SOURCES.txt'
running build
running build_py
copying cli/cli.py -> /home/caccioro/Documents/prova/build/cli/build/lib/cli
running install
running install_lib
copying /home/caccioro/Documents/prova/build/cli/build/lib/cli/cli.py -> /home/caccioro/Documents/prova/install/cli/lib/python3.10/site-packages/cli
byte-compiling /home/caccioro/Documents/prova/install/cli/lib/python3.10/site-packages/cli/cli.py to cli.cpython-310.pyc
running install_data
running install_egg_info
removing '/home/caccioro/Documents/prova/install/cli/lib/python3.10/site-packages/cli-0.0.0-py3.10.egg-info' (and everything under it)
Copying ../../build/cli/cli.egg-info to /home/caccioro/Documents/prova/install/cli/lib/python3.10/site-packages/cli-0.0.0-py3.10.egg-info
running install_scripts
Installing cli script to /home/caccioro/Documents/prova/install/cli/lib/cli
writing list of installed files to '/home/caccioro/Documents/prova/build/cli/install.log'
