[1.022s] Invoking command in '/home/caccioro/Documents/prova/src/prova': PYTHONPATH=/home/caccioro/Documents/prova/build/prova/prefix_override:/home/caccioro/Documents/prova/install/prova/lib/python3.10/site-packages:${PYTHONPATH} /usr/bin/python3 -W ignore:setup.py install is deprecated setup.py egg_info --egg-base ../../build/prova build --build-base /home/caccioro/Documents/prova/build/prova/build install --record /home/caccioro/Documents/prova/build/prova/install.log --single-version-externally-managed install_data
[1.294s] running egg_info
[1.295s] writing ../../build/prova/prova.egg-info/PKG-INFO
[1.295s] writing dependency_links to ../../build/prova/prova.egg-info/dependency_links.txt
[1.295s] writing entry points to ../../build/prova/prova.egg-info/entry_points.txt
[1.295s] writing requirements to ../../build/prova/prova.egg-info/requires.txt
[1.296s] writing top-level names to ../../build/prova/prova.egg-info/top_level.txt
[1.299s] reading manifest file '../../build/prova/prova.egg-info/SOURCES.txt'
[1.300s] writing manifest file '../../build/prova/prova.egg-info/SOURCES.txt'
[1.300s] running build
[1.300s] running build_py
[1.301s] copying prova/draw.py -> /home/caccioro/Documents/prova/build/prova/build/lib/prova
[1.301s] running install
[1.301s] running install_lib
[1.302s] copying /home/caccioro/Documents/prova/build/prova/build/lib/prova/draw.py -> /home/caccioro/Documents/prova/install/prova/lib/python3.10/site-packages/prova
[1.303s] byte-compiling /home/caccioro/Documents/prova/install/prova/lib/python3.10/site-packages/prova/draw.py to draw.cpython-310.pyc
[1.305s] running install_data
[1.305s] running install_egg_info
[1.308s] removing '/home/caccioro/Documents/prova/install/prova/lib/python3.10/site-packages/prova-0.0.0-py3.10.egg-info' (and everything under it)
[1.309s] Copying ../../build/prova/prova.egg-info to /home/caccioro/Documents/prova/install/prova/lib/python3.10/site-packages/prova-0.0.0-py3.10.egg-info
[1.310s] running install_scripts
[1.335s] Installing prova script to /home/caccioro/Documents/prova/install/prova/lib/prova
[1.342s] writing list of installed files to '/home/caccioro/Documents/prova/build/prova/install.log'
[1.369s] Invoked command in '/home/caccioro/Documents/prova/src/prova' returned '0': PYTHONPATH=/home/caccioro/Documents/prova/build/prova/prefix_override:/home/caccioro/Documents/prova/install/prova/lib/python3.10/site-packages:${PYTHONPATH} /usr/bin/python3 -W ignore:setup.py install is deprecated setup.py egg_info --egg-base ../../build/prova build --build-base /home/caccioro/Documents/prova/build/prova/build install --record /home/caccioro/Documents/prova/build/prova/install.log --single-version-externally-managed install_data
