[1.027s] Invoking command in '/home/caccioro/Documents/prova/src/cli': PYTHONPATH=/home/caccioro/Documents/prova/build/cli/prefix_override:/home/caccioro/Documents/prova/install/cli/lib/python3.10/site-packages:${PYTHONPATH} /usr/bin/python3 -W ignore:setup.py install is deprecated setup.py egg_info --egg-base ../../build/cli build --build-base /home/caccioro/Documents/prova/build/cli/build install --record /home/caccioro/Documents/prova/build/cli/install.log --single-version-externally-managed install_data
[1.302s] running egg_info
[1.303s] writing ../../build/cli/cli.egg-info/PKG-INFO
[1.304s] writing dependency_links to ../../build/cli/cli.egg-info/dependency_links.txt
[1.304s] writing entry points to ../../build/cli/cli.egg-info/entry_points.txt
[1.304s] writing requirements to ../../build/cli/cli.egg-info/requires.txt
[1.304s] writing top-level names to ../../build/cli/cli.egg-info/top_level.txt
[1.307s] reading manifest file '../../build/cli/cli.egg-info/SOURCES.txt'
[1.311s] writing manifest file '../../build/cli/cli.egg-info/SOURCES.txt'
[1.311s] running build
[1.311s] running build_py
[1.311s] running install
[1.312s] running install_lib
[1.313s] running install_data
[1.313s] running install_egg_info
[1.315s] removing '/home/caccioro/Documents/prova/install/cli/lib/python3.10/site-packages/cli-0.0.0-py3.10.egg-info' (and everything under it)
[1.315s] Copying ../../build/cli/cli.egg-info to /home/caccioro/Documents/prova/install/cli/lib/python3.10/site-packages/cli-0.0.0-py3.10.egg-info
[1.316s] running install_scripts
[1.339s] Installing cli script to /home/caccioro/Documents/prova/install/cli/lib/cli
[1.339s] writing list of installed files to '/home/caccioro/Documents/prova/build/cli/install.log'
[1.371s] Invoked command in '/home/caccioro/Documents/prova/src/cli' returned '0': PYTHONPATH=/home/caccioro/Documents/prova/build/cli/prefix_override:/home/caccioro/Documents/prova/install/cli/lib/python3.10/site-packages:${PYTHONPATH} /usr/bin/python3 -W ignore:setup.py install is deprecated setup.py egg_info --egg-base ../../build/cli build --build-base /home/caccioro/Documents/prova/build/cli/build install --record /home/caccioro/Documents/prova/build/cli/install.log --single-version-externally-managed install_data
