[1.084s] Invoking command in '/home/caccioro/Documents/prova/src/cli': PYTHONPATH=/home/caccioro/Documents/prova/build/cli/prefix_override:/home/caccioro/Documents/prova/install/cli/lib/python3.10/site-packages:${PYTHONPATH} /usr/bin/python3 -W ignore:setup.py install is deprecated setup.py egg_info --egg-base ../../build/cli build --build-base /home/caccioro/Documents/prova/build/cli/build install --record /home/caccioro/Documents/prova/build/cli/install.log --single-version-externally-managed install_data
[1.357s] running egg_info
[1.358s] creating ../../build/cli/cli.egg-info
[1.358s] writing ../../build/cli/cli.egg-info/PKG-INFO
[1.359s] writing dependency_links to ../../build/cli/cli.egg-info/dependency_links.txt
[1.359s] writing entry points to ../../build/cli/cli.egg-info/entry_points.txt
[1.359s] writing requirements to ../../build/cli/cli.egg-info/requires.txt
[1.359s] writing top-level names to ../../build/cli/cli.egg-info/top_level.txt
[1.359s] writing manifest file '../../build/cli/cli.egg-info/SOURCES.txt'
[1.362s] reading manifest file '../../build/cli/cli.egg-info/SOURCES.txt'
[1.363s] writing manifest file '../../build/cli/cli.egg-info/SOURCES.txt'
[1.364s] running build
[1.364s] running build_py
[1.364s] creating /home/caccioro/Documents/prova/build/cli/build
[1.364s] creating /home/caccioro/Documents/prova/build/cli/build/lib
[1.364s] creating /home/caccioro/Documents/prova/build/cli/build/lib/cli
[1.365s] copying cli/__init__.py -> /home/caccioro/Documents/prova/build/cli/build/lib/cli
[1.365s] copying cli/cli.py -> /home/caccioro/Documents/prova/build/cli/build/lib/cli
[1.365s] running install
[1.365s] running install_lib
[1.366s] creating /home/caccioro/Documents/prova/install/cli/lib/python3.10/site-packages/cli
[1.366s] copying /home/caccioro/Documents/prova/build/cli/build/lib/cli/__init__.py -> /home/caccioro/Documents/prova/install/cli/lib/python3.10/site-packages/cli
[1.366s] copying /home/caccioro/Documents/prova/build/cli/build/lib/cli/cli.py -> /home/caccioro/Documents/prova/install/cli/lib/python3.10/site-packages/cli
[1.367s] byte-compiling /home/caccioro/Documents/prova/install/cli/lib/python3.10/site-packages/cli/__init__.py to __init__.cpython-310.pyc
[1.367s] byte-compiling /home/caccioro/Documents/prova/install/cli/lib/python3.10/site-packages/cli/cli.py to cli.cpython-310.pyc
[1.368s] running install_data
[1.368s] creating /home/caccioro/Documents/prova/install/cli/share/ament_index
[1.368s] creating /home/caccioro/Documents/prova/install/cli/share/ament_index/resource_index
[1.368s] creating /home/caccioro/Documents/prova/install/cli/share/ament_index/resource_index/packages
[1.368s] copying resource/cli -> /home/caccioro/Documents/prova/install/cli/share/ament_index/resource_index/packages
[1.368s] copying package.xml -> /home/caccioro/Documents/prova/install/cli/share/cli
[1.369s] running install_egg_info
[1.371s] Copying ../../build/cli/cli.egg-info to /home/caccioro/Documents/prova/install/cli/lib/python3.10/site-packages/cli-0.0.0-py3.10.egg-info
[1.372s] running install_scripts
[1.398s] Installing cli script to /home/caccioro/Documents/prova/install/cli/lib/cli
[1.399s] writing list of installed files to '/home/caccioro/Documents/prova/build/cli/install.log'
[1.451s] Invoked command in '/home/caccioro/Documents/prova/src/cli' returned '0': PYTHONPATH=/home/caccioro/Documents/prova/build/cli/prefix_override:/home/caccioro/Documents/prova/install/cli/lib/python3.10/site-packages:${PYTHONPATH} /usr/bin/python3 -W ignore:setup.py install is deprecated setup.py egg_info --egg-base ../../build/cli build --build-base /home/caccioro/Documents/prova/build/cli/build install --record /home/caccioro/Documents/prova/build/cli/install.log --single-version-externally-managed install_data
