[0.714s] Invoking command in '/home/caccioro/Documents/prova/src/prova': PYTHONPATH=/home/caccioro/Documents/prova/build/prova/prefix_override:/home/caccioro/Documents/prova/install/prova/lib/python3.10/site-packages:${PYTHONPATH} /usr/bin/python3 -W ignore:setup.py install is deprecated setup.py egg_info --egg-base ../../build/prova build --build-base /home/caccioro/Documents/prova/build/prova/build install --record /home/caccioro/Documents/prova/build/prova/install.log --single-version-externally-managed install_data
[0.975s] running egg_info
[0.976s] writing ../../build/prova/prova.egg-info/PKG-INFO
[0.976s] writing dependency_links to ../../build/prova/prova.egg-info/dependency_links.txt
[0.976s] writing entry points to ../../build/prova/prova.egg-info/entry_points.txt
[0.976s] writing requirements to ../../build/prova/prova.egg-info/requires.txt
[0.976s] writing top-level names to ../../build/prova/prova.egg-info/top_level.txt
[0.978s] reading manifest file '../../build/prova/prova.egg-info/SOURCES.txt'
[0.980s] writing manifest file '../../build/prova/prova.egg-info/SOURCES.txt'
[0.980s] running build
[0.980s] running build_py
[0.981s] copying prova/draw.py -> /home/caccioro/Documents/prova/build/prova/build/lib/prova
[0.981s] running install
[0.981s] running install_lib
[0.982s] copying /home/caccioro/Documents/prova/build/prova/build/lib/prova/draw.py -> /home/caccioro/Documents/prova/install/prova/lib/python3.10/site-packages/prova
[0.983s] byte-compiling /home/caccioro/Documents/prova/install/prova/lib/python3.10/site-packages/prova/draw.py to draw.cpython-310.pyc
[0.984s] running install_data
[0.984s] running install_egg_info
[0.986s] removing '/home/caccioro/Documents/prova/install/prova/lib/python3.10/site-packages/prova-0.0.0-py3.10.egg-info' (and everything under it)
[0.986s] Copying ../../build/prova/prova.egg-info to /home/caccioro/Documents/prova/install/prova/lib/python3.10/site-packages/prova-0.0.0-py3.10.egg-info
[0.987s] running install_scripts
[1.006s] Installing prova script to /home/caccioro/Documents/prova/install/prova/lib/prova
[1.006s] writing list of installed files to '/home/caccioro/Documents/prova/build/prova/install.log'
[1.030s] Invoked command in '/home/caccioro/Documents/prova/src/prova' returned '0': PYTHONPATH=/home/caccioro/Documents/prova/build/prova/prefix_override:/home/caccioro/Documents/prova/install/prova/lib/python3.10/site-packages:${PYTHONPATH} /usr/bin/python3 -W ignore:setup.py install is deprecated setup.py egg_info --egg-base ../../build/prova build --build-base /home/caccioro/Documents/prova/build/prova/build install --record /home/caccioro/Documents/prova/build/prova/install.log --single-version-externally-managed install_data
