[0.102s] DEBUG:colcon:Command line arguments: ['/usr/bin/colcon', 'build']
[0.102s] DEBUG:colcon:Parsed command line arguments: Namespace(log_base=None, log_level=None, verb_name='build', build_base='build', install_base='install', merge_install=False, symlink_install=False, test_result_base=None, continue_on_error=False, executor='parallel', parallel_workers=8, event_handlers=None, ignore_user_meta=False, metas=['./colcon.meta'], base_paths=['.'], packages_ignore=None, packages_ignore_regex=None, paths=None, packages_up_to=None, packages_up_to_regex=None, packages_above=None, packages_above_and_dependencies=None, packages_above_depth=None, packages_select_by_dep=None, packages_skip_by_dep=None, packages_skip_up_to=None, packages_select_build_failed=False, packages_skip_build_finished=False, packages_select_test_failures=False, packages_skip_test_passed=False, packages_select=None, packages_skip=None, packages_select_regex=None, packages_skip_regex=None, packages_start=None, packages_end=None, allow_overriding=[], cmake_args=None, cmake_target=None, cmake_target_skip_unavailable=False, cmake_clean_cache=False, cmake_clean_first=False, cmake_force_configure=False, ament_cmake_args=None, catkin_cmake_args=None, catkin_skip_building_tests=False, verb_parser=<colcon_defaults.argument_parser.defaults.DefaultArgumentsDecorator object at 0x72f16b5a5060>, verb_extension=<colcon_core.verb.build.BuildVerb object at 0x72f16b5a4c10>, main=<bound method BuildVerb.main of <colcon_core.verb.build.BuildVerb object at 0x72f16b5a4c10>>)
[0.286s] Level 1:colcon.colcon_core.package_discovery:discover_packages(colcon_meta) check parameters
[0.286s] Level 1:colcon.colcon_core.package_discovery:discover_packages(recursive) check parameters
[0.286s] Level 1:colcon.colcon_core.package_discovery:discover_packages(ignore) check parameters
[0.286s] Level 1:colcon.colcon_core.package_discovery:discover_packages(path) check parameters
[0.286s] Level 1:colcon.colcon_core.package_discovery:discover_packages(colcon_meta) discover
[0.286s] Level 1:colcon.colcon_core.package_discovery:discover_packages(recursive) discover
[0.286s] INFO:colcon.colcon_core.package_discovery:Crawling recursively for packages in '/home/caccioro/Documents/prova'
[0.286s] Level 1:colcon.colcon_core.package_identification:_identify(.) by extensions ['ignore', 'ignore_ament_install']
[0.287s] Level 1:colcon.colcon_core.package_identification:_identify(.) by extension 'ignore'
[0.287s] Level 1:colcon.colcon_core.package_identification:_identify(.) by extension 'ignore_ament_install'
[0.287s] Level 1:colcon.colcon_core.package_identification:_identify(.) by extensions ['colcon_pkg']
[0.287s] Level 1:colcon.colcon_core.package_identification:_identify(.) by extension 'colcon_pkg'
[0.287s] Level 1:colcon.colcon_core.package_identification:_identify(.) by extensions ['colcon_meta']
[0.287s] Level 1:colcon.colcon_core.package_identification:_identify(.) by extension 'colcon_meta'
[0.287s] Level 1:colcon.colcon_core.package_identification:_identify(.) by extensions ['ros']
[0.287s] Level 1:colcon.colcon_core.package_identification:_identify(.) by extension 'ros'
[0.297s] Level 1:colcon.colcon_core.package_identification:_identify(.) by extensions ['cmake', 'python']
[0.297s] Level 1:colcon.colcon_core.package_identification:_identify(.) by extension 'cmake'
[0.297s] Level 1:colcon.colcon_core.package_identification:_identify(.) by extension 'python'
[0.298s] Level 1:colcon.colcon_core.package_identification:_identify(.) by extensions ['python_setup_py']
[0.298s] Level 1:colcon.colcon_core.package_identification:_identify(.) by extension 'python_setup_py'
[0.298s] Level 1:colcon.colcon_core.package_identification:_identify(build) by extensions ['ignore', 'ignore_ament_install']
[0.298s] Level 1:colcon.colcon_core.package_identification:_identify(build) by extension 'ignore'
[0.298s] Level 1:colcon.colcon_core.package_identification:_identify(build) ignored
[0.298s] Level 1:colcon.colcon_core.package_identification:_identify(install) by extensions ['ignore', 'ignore_ament_install']
[0.298s] Level 1:colcon.colcon_core.package_identification:_identify(install) by extension 'ignore'
[0.298s] Level 1:colcon.colcon_core.package_identification:_identify(install) ignored
[0.299s] Level 1:colcon.colcon_core.package_identification:_identify(log) by extensions ['ignore', 'ignore_ament_install']
[0.299s] Level 1:colcon.colcon_core.package_identification:_identify(log) by extension 'ignore'
[0.299s] Level 1:colcon.colcon_core.package_identification:_identify(log) ignored
[0.299s] Level 1:colcon.colcon_core.package_identification:_identify(src) by extensions ['ignore', 'ignore_ament_install']
[0.299s] Level 1:colcon.colcon_core.package_identification:_identify(src) by extension 'ignore'
[0.299s] Level 1:colcon.colcon_core.package_identification:_identify(src) by extension 'ignore_ament_install'
[0.299s] Level 1:colcon.colcon_core.package_identification:_identify(src) by extensions ['colcon_pkg']
[0.299s] Level 1:colcon.colcon_core.package_identification:_identify(src) by extension 'colcon_pkg'
[0.299s] Level 1:colcon.colcon_core.package_identification:_identify(src) by extensions ['colcon_meta']
[0.300s] Level 1:colcon.colcon_core.package_identification:_identify(src) by extension 'colcon_meta'
[0.300s] Level 1:colcon.colcon_core.package_identification:_identify(src) by extensions ['ros']
[0.300s] Level 1:colcon.colcon_core.package_identification:_identify(src) by extension 'ros'
[0.300s] Level 1:colcon.colcon_core.package_identification:_identify(src) by extensions ['cmake', 'python']
[0.300s] Level 1:colcon.colcon_core.package_identification:_identify(src) by extension 'cmake'
[0.300s] Level 1:colcon.colcon_core.package_identification:_identify(src) by extension 'python'
[0.300s] Level 1:colcon.colcon_core.package_identification:_identify(src) by extensions ['python_setup_py']
[0.300s] Level 1:colcon.colcon_core.package_identification:_identify(src) by extension 'python_setup_py'
[0.300s] Level 1:colcon.colcon_core.package_identification:_identify(src/build) by extensions ['ignore', 'ignore_ament_install']
[0.300s] Level 1:colcon.colcon_core.package_identification:_identify(src/build) by extension 'ignore'
[0.300s] Level 1:colcon.colcon_core.package_identification:_identify(src/build) ignored
[0.301s] Level 1:colcon.colcon_core.package_identification:_identify(src/cli) by extensions ['ignore', 'ignore_ament_install']
[0.301s] Level 1:colcon.colcon_core.package_identification:_identify(src/cli) by extension 'ignore'
[0.301s] Level 1:colcon.colcon_core.package_identification:_identify(src/cli) by extension 'ignore_ament_install'
[0.301s] Level 1:colcon.colcon_core.package_identification:_identify(src/cli) by extensions ['colcon_pkg']
[0.301s] Level 1:colcon.colcon_core.package_identification:_identify(src/cli) by extension 'colcon_pkg'
[0.301s] Level 1:colcon.colcon_core.package_identification:_identify(src/cli) by extensions ['colcon_meta']
[0.301s] Level 1:colcon.colcon_core.package_identification:_identify(src/cli) by extension 'colcon_meta'
[0.301s] Level 1:colcon.colcon_core.package_identification:_identify(src/cli) by extensions ['ros']
[0.301s] Level 1:colcon.colcon_core.package_identification:_identify(src/cli) by extension 'ros'
[0.304s] DEBUG:colcon.colcon_core.package_identification:Package 'src/cli' with type 'ros.ament_python' and name 'cli'
[0.304s] Level 1:colcon.colcon_core.package_identification:_identify(src/install) by extensions ['ignore', 'ignore_ament_install']
[0.305s] Level 1:colcon.colcon_core.package_identification:_identify(src/install) by extension 'ignore'
[0.305s] Level 1:colcon.colcon_core.package_identification:_identify(src/install) ignored
[0.305s] Level 1:colcon.colcon_core.package_identification:_identify(src/log) by extensions ['ignore', 'ignore_ament_install']
[0.305s] Level 1:colcon.colcon_core.package_identification:_identify(src/log) by extension 'ignore'
[0.305s] Level 1:colcon.colcon_core.package_identification:_identify(src/log) ignored
[0.305s] Level 1:colcon.colcon_core.package_identification:_identify(src/prova) by extensions ['ignore', 'ignore_ament_install']
[0.305s] Level 1:colcon.colcon_core.package_identification:_identify(src/prova) by extension 'ignore'
[0.305s] Level 1:colcon.colcon_core.package_identification:_identify(src/prova) by extension 'ignore_ament_install'
[0.306s] Level 1:colcon.colcon_core.package_identification:_identify(src/prova) by extensions ['colcon_pkg']
[0.306s] Level 1:colcon.colcon_core.package_identification:_identify(src/prova) by extension 'colcon_pkg'
[0.306s] Level 1:colcon.colcon_core.package_identification:_identify(src/prova) by extensions ['colcon_meta']
[0.306s] Level 1:colcon.colcon_core.package_identification:_identify(src/prova) by extension 'colcon_meta'
[0.306s] Level 1:colcon.colcon_core.package_identification:_identify(src/prova) by extensions ['ros']
[0.306s] Level 1:colcon.colcon_core.package_identification:_identify(src/prova) by extension 'ros'
[0.307s] DEBUG:colcon.colcon_core.package_identification:Package 'src/prova' with type 'ros.ament_python' and name 'prova'
[0.307s] Level 1:colcon.colcon_core.package_discovery:discover_packages(recursive) using defaults
[0.307s] Level 1:colcon.colcon_core.package_discovery:discover_packages(ignore) discover
[0.307s] Level 1:colcon.colcon_core.package_discovery:discover_packages(ignore) using defaults
[0.307s] Level 1:colcon.colcon_core.package_discovery:discover_packages(path) discover
[0.307s] Level 1:colcon.colcon_core.package_discovery:discover_packages(path) using defaults
[0.334s] Level 1:colcon.colcon_core.package_discovery:discover_packages(prefix_path) check parameters
[0.334s] Level 1:colcon.colcon_core.package_discovery:discover_packages(prefix_path) discover
[0.336s] DEBUG:colcon.colcon_installed_package_information.package_discovery:Found 2 installed packages in /home/caccioro/Documents/prova/install
[0.337s] DEBUG:colcon.colcon_installed_package_information.package_discovery:Found 384 installed packages in /opt/ros/humble
[0.339s] Level 1:colcon.colcon_core.package_discovery:discover_packages(prefix_path) using defaults
[0.386s] Level 5:colcon.colcon_core.verb:set package 'cli' build argument 'cmake_args' from command line to 'None'
[0.386s] Level 5:colcon.colcon_core.verb:set package 'cli' build argument 'cmake_target' from command line to 'None'
[0.386s] Level 5:colcon.colcon_core.verb:set package 'cli' build argument 'cmake_target_skip_unavailable' from command line to 'False'
[0.386s] Level 5:colcon.colcon_core.verb:set package 'cli' build argument 'cmake_clean_cache' from command line to 'False'
[0.386s] Level 5:colcon.colcon_core.verb:set package 'cli' build argument 'cmake_clean_first' from command line to 'False'
[0.386s] Level 5:colcon.colcon_core.verb:set package 'cli' build argument 'cmake_force_configure' from command line to 'False'
[0.386s] Level 5:colcon.colcon_core.verb:set package 'cli' build argument 'ament_cmake_args' from command line to 'None'
[0.386s] Level 5:colcon.colcon_core.verb:set package 'cli' build argument 'catkin_cmake_args' from command line to 'None'
[0.386s] Level 5:colcon.colcon_core.verb:set package 'cli' build argument 'catkin_skip_building_tests' from command line to 'False'
[0.386s] DEBUG:colcon.colcon_core.verb:Building package 'cli' with the following arguments: {'ament_cmake_args': None, 'build_base': '/home/caccioro/Documents/prova/build/cli', 'catkin_cmake_args': None, 'catkin_skip_building_tests': False, 'cmake_args': None, 'cmake_clean_cache': False, 'cmake_clean_first': False, 'cmake_force_configure': False, 'cmake_target': None, 'cmake_target_skip_unavailable': False, 'install_base': '/home/caccioro/Documents/prova/install/cli', 'merge_install': False, 'path': '/home/caccioro/Documents/prova/src/cli', 'symlink_install': False, 'test_result_base': None}
[0.387s] Level 5:colcon.colcon_core.verb:set package 'prova' build argument 'cmake_args' from command line to 'None'
[0.387s] Level 5:colcon.colcon_core.verb:set package 'prova' build argument 'cmake_target' from command line to 'None'
[0.387s] Level 5:colcon.colcon_core.verb:set package 'prova' build argument 'cmake_target_skip_unavailable' from command line to 'False'
[0.387s] Level 5:colcon.colcon_core.verb:set package 'prova' build argument 'cmake_clean_cache' from command line to 'False'
[0.387s] Level 5:colcon.colcon_core.verb:set package 'prova' build argument 'cmake_clean_first' from command line to 'False'
[0.387s] Level 5:colcon.colcon_core.verb:set package 'prova' build argument 'cmake_force_configure' from command line to 'False'
[0.387s] Level 5:colcon.colcon_core.verb:set package 'prova' build argument 'ament_cmake_args' from command line to 'None'
[0.387s] Level 5:colcon.colcon_core.verb:set package 'prova' build argument 'catkin_cmake_args' from command line to 'None'
[0.387s] Level 5:colcon.colcon_core.verb:set package 'prova' build argument 'catkin_skip_building_tests' from command line to 'False'
[0.387s] DEBUG:colcon.colcon_core.verb:Building package 'prova' with the following arguments: {'ament_cmake_args': None, 'build_base': '/home/caccioro/Documents/prova/build/prova', 'catkin_cmake_args': None, 'catkin_skip_building_tests': False, 'cmake_args': None, 'cmake_clean_cache': False, 'cmake_clean_first': False, 'cmake_force_configure': False, 'cmake_target': None, 'cmake_target_skip_unavailable': False, 'install_base': '/home/caccioro/Documents/prova/install/prova', 'merge_install': False, 'path': '/home/caccioro/Documents/prova/src/prova', 'symlink_install': False, 'test_result_base': None}
[0.387s] INFO:colcon.colcon_core.executor:Executing jobs using 'parallel' executor
[0.389s] DEBUG:colcon.colcon_parallel_executor.executor.parallel:run_until_complete
[0.389s] INFO:colcon.colcon_ros.task.ament_python.build:Building ROS package in '/home/caccioro/Documents/prova/src/cli' with build type 'ament_python'
[0.389s] Level 1:colcon.colcon_core.shell:create_environment_hook('cli', 'ament_prefix_path')
[0.391s] INFO:colcon.colcon_core.plugin_system:Skipping extension 'colcon_core.shell.bat': Not used on non-Windows systems
[0.392s] INFO:colcon.colcon_core.shell:Creating environment hook '/home/caccioro/Documents/prova/install/cli/share/cli/hook/ament_prefix_path.ps1'
[0.392s] INFO:colcon.colcon_core.shell:Creating environment descriptor '/home/caccioro/Documents/prova/install/cli/share/cli/hook/ament_prefix_path.dsv'
[0.393s] INFO:colcon.colcon_core.shell:Creating environment hook '/home/caccioro/Documents/prova/install/cli/share/cli/hook/ament_prefix_path.sh'
[0.394s] INFO:colcon.colcon_core.shell:Skip shell extension 'powershell' for command environment: Not usable outside of PowerShell
[0.394s] DEBUG:colcon.colcon_core.shell:Skip shell extension 'dsv' for command environment
[0.398s] INFO:colcon.colcon_ros.task.ament_python.build:Building ROS package in '/home/caccioro/Documents/prova/src/prova' with build type 'ament_python'
[0.398s] Level 1:colcon.colcon_core.shell:create_environment_hook('prova', 'ament_prefix_path')
[0.398s] INFO:colcon.colcon_core.shell:Creating environment hook '/home/caccioro/Documents/prova/install/prova/share/prova/hook/ament_prefix_path.ps1'
[0.399s] INFO:colcon.colcon_core.shell:Creating environment descriptor '/home/caccioro/Documents/prova/install/prova/share/prova/hook/ament_prefix_path.dsv'
[0.400s] INFO:colcon.colcon_core.shell:Creating environment hook '/home/caccioro/Documents/prova/install/prova/share/prova/hook/ament_prefix_path.sh'
[0.400s] INFO:colcon.colcon_core.shell:Skip shell extension 'powershell' for command environment: Not usable outside of PowerShell
[0.400s] DEBUG:colcon.colcon_core.shell:Skip shell extension 'dsv' for command environment
[0.672s] INFO:colcon.colcon_core.task.python.build:Building Python package in '/home/caccioro/Documents/prova/src/cli'
[0.673s] INFO:colcon.colcon_core.shell:Skip shell extension 'powershell' for command environment: Not usable outside of PowerShell
[0.673s] DEBUG:colcon.colcon_core.shell:Skip shell extension 'dsv' for command environment
[0.966s] INFO:colcon.colcon_core.task.python.build:Building Python package in '/home/caccioro/Documents/prova/src/prova'
[0.966s] INFO:colcon.colcon_core.shell:Skip shell extension 'powershell' for command environment: Not usable outside of PowerShell
[0.966s] DEBUG:colcon.colcon_core.shell:Skip shell extension 'dsv' for command environment
[1.368s] DEBUG:colcon.colcon_core.event_handler.log_command:Invoking command in '/home/caccioro/Documents/prova/src/cli': PYTHONPATH=/home/caccioro/Documents/prova/build/cli/prefix_override:/home/caccioro/Documents/prova/install/cli/lib/python3.10/site-packages:${PYTHONPATH} /usr/bin/python3 -W ignore:setup.py install is deprecated setup.py egg_info --egg-base ../../build/cli build --build-base /home/caccioro/Documents/prova/build/cli/build install --record /home/caccioro/Documents/prova/build/cli/install.log --single-version-externally-managed install_data
[1.371s] DEBUG:colcon.colcon_core.event_handler.log_command:Invoking command in '/home/caccioro/Documents/prova/src/prova': PYTHONPATH=/home/caccioro/Documents/prova/build/prova/prefix_override:/home/caccioro/Documents/prova/install/prova/lib/python3.10/site-packages:${PYTHONPATH} /usr/bin/python3 -W ignore:setup.py install is deprecated setup.py egg_info --egg-base ../../build/prova build --build-base /home/caccioro/Documents/prova/build/prova/build install --record /home/caccioro/Documents/prova/build/prova/install.log --single-version-externally-managed install_data
[1.695s] DEBUG:colcon.colcon_core.event_handler.log_command:Invoked command in '/home/caccioro/Documents/prova/src/cli' returned '0': PYTHONPATH=/home/caccioro/Documents/prova/build/cli/prefix_override:/home/caccioro/Documents/prova/install/cli/lib/python3.10/site-packages:${PYTHONPATH} /usr/bin/python3 -W ignore:setup.py install is deprecated setup.py egg_info --egg-base ../../build/cli build --build-base /home/caccioro/Documents/prova/build/cli/build install --record /home/caccioro/Documents/prova/build/cli/install.log --single-version-externally-managed install_data
[1.698s] Level 1:colcon.colcon_core.environment:checking '/home/caccioro/Documents/prova/install/cli' for CMake module files
[1.699s] Level 1:colcon.colcon_core.environment:checking '/home/caccioro/Documents/prova/install/cli' for CMake config files
[1.699s] Level 1:colcon.colcon_core.environment:checking '/home/caccioro/Documents/prova/install/cli/lib'
[1.700s] Level 1:colcon.colcon_core.environment:checking '/home/caccioro/Documents/prova/install/cli/bin'
[1.700s] Level 1:colcon.colcon_core.environment:checking '/home/caccioro/Documents/prova/install/cli/lib/pkgconfig/cli.pc'
[1.700s] Level 1:colcon.colcon_core.environment:checking '/home/caccioro/Documents/prova/install/cli/lib/python3.10/site-packages'
[1.700s] Level 1:colcon.colcon_core.shell:create_environment_hook('cli', 'pythonpath')
[1.700s] INFO:colcon.colcon_core.shell:Creating environment hook '/home/caccioro/Documents/prova/install/cli/share/cli/hook/pythonpath.ps1'
[1.713s] INFO:colcon.colcon_core.shell:Creating environment descriptor '/home/caccioro/Documents/prova/install/cli/share/cli/hook/pythonpath.dsv'
[1.745s] INFO:colcon.colcon_core.shell:Creating environment hook '/home/caccioro/Documents/prova/install/cli/share/cli/hook/pythonpath.sh'
[1.792s] Level 1:colcon.colcon_core.environment:checking '/home/caccioro/Documents/prova/install/cli/bin'
[1.792s] Level 1:colcon.colcon_core.environment:create_environment_scripts_only(cli)
[1.793s] INFO:colcon.colcon_core.shell:Creating package script '/home/caccioro/Documents/prova/install/cli/share/cli/package.ps1'
[1.794s] INFO:colcon.colcon_core.shell:Creating package descriptor '/home/caccioro/Documents/prova/install/cli/share/cli/package.dsv'
[1.794s] INFO:colcon.colcon_core.shell:Creating package script '/home/caccioro/Documents/prova/install/cli/share/cli/package.sh'
[1.795s] INFO:colcon.colcon_core.shell:Creating package script '/home/caccioro/Documents/prova/install/cli/share/cli/package.bash'
[1.796s] INFO:colcon.colcon_core.shell:Creating package script '/home/caccioro/Documents/prova/install/cli/share/cli/package.zsh'
[1.797s] Level 1:colcon.colcon_core.environment:create_file_with_runtime_dependencies(/home/caccioro/Documents/prova/install/cli/share/colcon-core/packages/cli)
[1.798s] Level 1:colcon.colcon_core.environment:checking '/home/caccioro/Documents/prova/install/prova' for CMake module files
[1.799s] Level 1:colcon.colcon_core.environment:checking '/home/caccioro/Documents/prova/install/prova' for CMake config files
[1.799s] Level 1:colcon.colcon_core.environment:checking '/home/caccioro/Documents/prova/install/prova/lib'
[1.799s] Level 1:colcon.colcon_core.environment:checking '/home/caccioro/Documents/prova/install/prova/bin'
[1.799s] Level 1:colcon.colcon_core.environment:checking '/home/caccioro/Documents/prova/install/prova/lib/pkgconfig/prova.pc'
[1.799s] Level 1:colcon.colcon_core.environment:checking '/home/caccioro/Documents/prova/install/prova/lib/python3.10/site-packages'
[1.800s] Level 1:colcon.colcon_core.shell:create_environment_hook('prova', 'pythonpath')
[1.800s] INFO:colcon.colcon_core.shell:Creating environment hook '/home/caccioro/Documents/prova/install/prova/share/prova/hook/pythonpath.ps1'
[1.810s] DEBUG:colcon.colcon_core.event_handler.log_command:Invoked command in '/home/caccioro/Documents/prova/src/prova' returned '0': PYTHONPATH=/home/caccioro/Documents/prova/build/prova/prefix_override:/home/caccioro/Documents/prova/install/prova/lib/python3.10/site-packages:${PYTHONPATH} /usr/bin/python3 -W ignore:setup.py install is deprecated setup.py egg_info --egg-base ../../build/prova build --build-base /home/caccioro/Documents/prova/build/prova/build install --record /home/caccioro/Documents/prova/build/prova/install.log --single-version-externally-managed install_data
[1.811s] INFO:colcon.colcon_core.shell:Creating environment descriptor '/home/caccioro/Documents/prova/install/prova/share/prova/hook/pythonpath.dsv'
[1.811s] INFO:colcon.colcon_core.shell:Creating environment hook '/home/caccioro/Documents/prova/install/prova/share/prova/hook/pythonpath.sh'
[1.812s] Level 1:colcon.colcon_core.environment:checking '/home/caccioro/Documents/prova/install/prova/bin'
[1.812s] Level 1:colcon.colcon_core.environment:create_environment_scripts_only(prova)
[1.813s] INFO:colcon.colcon_core.shell:Creating package script '/home/caccioro/Documents/prova/install/prova/share/prova/package.ps1'
[1.824s] INFO:colcon.colcon_core.shell:Creating package descriptor '/home/caccioro/Documents/prova/install/prova/share/prova/package.dsv'
[1.825s] INFO:colcon.colcon_core.shell:Creating package script '/home/caccioro/Documents/prova/install/prova/share/prova/package.sh'
[1.825s] INFO:colcon.colcon_core.shell:Creating package script '/home/caccioro/Documents/prova/install/prova/share/prova/package.bash'
[1.835s] INFO:colcon.colcon_core.shell:Creating package script '/home/caccioro/Documents/prova/install/prova/share/prova/package.zsh'
[1.835s] Level 1:colcon.colcon_core.environment:create_file_with_runtime_dependencies(/home/caccioro/Documents/prova/install/prova/share/colcon-core/packages/prova)
[1.836s] DEBUG:colcon.colcon_parallel_executor.executor.parallel:closing loop
[1.836s] DEBUG:colcon.colcon_parallel_executor.executor.parallel:loop closed
[1.836s] DEBUG:colcon.colcon_parallel_executor.executor.parallel:run_until_complete finished with '0'
[1.837s] DEBUG:colcon.colcon_core.event_reactor:joining thread
[1.850s] INFO:colcon.colcon_core.plugin_system:Skipping extension 'colcon_notification.desktop_notification.terminal_notifier': Not used on non-Darwin systems
[1.851s] INFO:colcon.colcon_core.plugin_system:Skipping extension 'colcon_notification.desktop_notification.win32': Not used on non-Windows systems
[1.851s] INFO:colcon.colcon_notification.desktop_notification:Sending desktop notification using 'notify2'
[1.863s] DEBUG:colcon.colcon_core.event_reactor:joined thread
[1.863s] INFO:colcon.colcon_core.shell:Creating prefix script '/home/caccioro/Documents/prova/install/local_setup.ps1'
[1.869s] INFO:colcon.colcon_core.shell:Creating prefix util module '/home/caccioro/Documents/prova/install/_local_setup_util_ps1.py'
[1.874s] INFO:colcon.colcon_core.shell:Creating prefix chain script '/home/caccioro/Documents/prova/install/setup.ps1'
[1.875s] INFO:colcon.colcon_core.shell:Creating prefix script '/home/caccioro/Documents/prova/install/local_setup.sh'
[1.879s] INFO:colcon.colcon_core.shell:Creating prefix util module '/home/caccioro/Documents/prova/install/_local_setup_util_sh.py'
[1.879s] INFO:colcon.colcon_core.shell:Creating prefix chain script '/home/caccioro/Documents/prova/install/setup.sh'
[1.885s] INFO:colcon.colcon_core.shell:Creating prefix script '/home/caccioro/Documents/prova/install/local_setup.bash'
[1.885s] INFO:colcon.colcon_core.shell:Creating prefix chain script '/home/caccioro/Documents/prova/install/setup.bash'
[1.887s] INFO:colcon.colcon_core.shell:Creating prefix script '/home/caccioro/Documents/prova/install/local_setup.zsh'
[1.887s] INFO:colcon.colcon_core.shell:Creating prefix chain script '/home/caccioro/Documents/prova/install/setup.zsh'
